<?xml version="1.0" encoding="UTF-8"?>
<testng-results ignored="0" total="6" passed="6" failed="0" skipped="0">
  <reporter-output>
  </reporter-output>
  <suite started-at="2021-05-26T15:29:57 IST" name="Default suite" finished-at="2021-05-26T15:33:01 IST" duration-ms="184377">
    <groups>
      <group name="cucumber">
        <method signature="AbstractTestNGCucumberTests.runScenario(io.cucumber.testng.PickleWrapper,io.cucumber.testng.FeatureWrapper)[pri:0, instance:testRunner.testRunner@342c38f8]" name="runScenario" class="io.cucumber.testng.AbstractTestNGCucumberTests"/>
      </group> <!-- cucumber -->
    </groups>
    <test started-at="2021-05-26T15:29:57 IST" name="Default test" finished-at="2021-05-26T15:33:01 IST" duration-ms="184377">
      <class name="testRunner.testRunner">
        <test-method is-config="true" signature="setUpClass()[pri:0, instance:testRunner.testRunner@342c38f8]" started-at="2021-05-26T15:29:57 IST" name="setUpClass" finished-at="2021-05-26T15:29:58 IST" duration-ms="1122" status="PASS">
          <reporter-output>
          </reporter-output>
        </test-method> <!-- setUpClass -->
        <test-method signature="runScenario(io.cucumber.testng.PickleWrapper,io.cucumber.testng.FeatureWrapper)[pri:0, instance:testRunner.testRunner@342c38f8]" started-at="2021-05-26T15:29:58 IST" name="runScenario" description="Runs Cucumber Scenarios" data-provider="scenarios" finished-at="2021-05-26T15:30:22 IST" duration-ms="24266" status="PASS">
          <params>
            <param index="0">
              <value>
                <![CDATA["login page functinality"]]>
              </value>
            </param>
            <param index="1">
              <value>
                <![CDATA["Optional[test HRM website]"]]>
              </value>
            </param>
          </params>
          <reporter-output>
          </reporter-output>
        </test-method> <!-- runScenario -->
        <test-method signature="runScenario(io.cucumber.testng.PickleWrapper,io.cucumber.testng.FeatureWrapper)[pri:0, instance:testRunner.testRunner@342c38f8]" started-at="2021-05-26T15:30:22 IST" name="runScenario" description="Runs Cucumber Scenarios" data-provider="scenarios" finished-at="2021-05-26T15:30:51 IST" duration-ms="28529" status="PASS">
          <params>
            <param index="0">
              <value>
                <![CDATA["add user"]]>
              </value>
            </param>
            <param index="1">
              <value>
                <![CDATA["Optional[test HRM website]"]]>
              </value>
            </param>
          </params>
          <reporter-output>
          </reporter-output>
        </test-method> <!-- runScenario -->
        <test-method signature="runScenario(io.cucumber.testng.PickleWrapper,io.cucumber.testng.FeatureWrapper)[pri:0, instance:testRunner.testRunner@342c38f8]" started-at="2021-05-26T15:30:51 IST" name="runScenario" description="Runs Cucumber Scenarios" data-provider="scenarios" finished-at="2021-05-26T15:31:33 IST" duration-ms="42289" status="PASS">
          <params>
            <param index="0">
              <value>
                <![CDATA["Directory"]]>
              </value>
            </param>
            <param index="1">
              <value>
                <![CDATA["Optional[test HRM website]"]]>
              </value>
            </param>
          </params>
          <reporter-output>
          </reporter-output>
        </test-method> <!-- runScenario -->
        <test-method signature="runScenario(io.cucumber.testng.PickleWrapper,io.cucumber.testng.FeatureWrapper)[pri:0, instance:testRunner.testRunner@342c38f8]" started-at="2021-05-26T15:31:33 IST" name="runScenario" description="Runs Cucumber Scenarios" data-provider="scenarios" finished-at="2021-05-26T15:32:03 IST" duration-ms="30323" status="PASS">
          <params>
            <param index="0">
              <value>
                <![CDATA["Directory"]]>
              </value>
            </param>
            <param index="1">
              <value>
                <![CDATA["Optional[test HRM website]"]]>
              </value>
            </param>
          </params>
          <reporter-output>
          </reporter-output>
        </test-method> <!-- runScenario -->
        <test-method signature="runScenario(io.cucumber.testng.PickleWrapper,io.cucumber.testng.FeatureWrapper)[pri:0, instance:testRunner.testRunner@342c38f8]" started-at="2021-05-26T15:32:03 IST" name="runScenario" description="Runs Cucumber Scenarios" data-provider="scenarios" finished-at="2021-05-26T15:32:32 IST" duration-ms="28521" status="PASS">
          <params>
            <param index="0">
              <value>
                <![CDATA["Directory"]]>
              </value>
            </param>
            <param index="1">
              <value>
                <![CDATA["Optional[test HRM website]"]]>
              </value>
            </param>
          </params>
          <reporter-output>
          </reporter-output>
        </test-method> <!-- runScenario -->
        <test-method signature="runScenario(io.cucumber.testng.PickleWrapper,io.cucumber.testng.FeatureWrapper)[pri:0, instance:testRunner.testRunner@342c38f8]" started-at="2021-05-26T15:32:32 IST" name="runScenario" description="Runs Cucumber Scenarios" data-provider="scenarios" finished-at="2021-05-26T15:32:54 IST" duration-ms="21722" status="PASS">
          <params>
            <param index="0">
              <value>
                <![CDATA["Time Element inspection"]]>
              </value>
            </param>
            <param index="1">
              <value>
                <![CDATA["Optional[test HRM website]"]]>
              </value>
            </param>
          </params>
          <reporter-output>
          </reporter-output>
        </test-method> <!-- runScenario -->
        <test-method is-config="true" signature="tearDownClass()[pri:0, instance:testRunner.testRunner@342c38f8]" started-at="2021-05-26T15:32:54 IST" name="tearDownClass" finished-at="2021-05-26T15:33:01 IST" duration-ms="7523" status="PASS">
          <reporter-output>
          </reporter-output>
        </test-method> <!-- tearDownClass -->
      </class> <!-- testRunner.testRunner -->
    </test> <!-- Default test -->
  </suite> <!-- Default suite -->
</testng-results>
